*------------------------------------------------------------*
* Report Log
Date:                03 April 2017
Time:                22:09:23 o'clock
*------------------------------------------------------------*
16283  %let EMEXCEPTIONSTRING=;
16284  *------------------------------------------------------------*;
16285  * REPORT: GrfExpl;
16286  *------------------------------------------------------------*;
16287  %let EM_ACTION = REPORT;
16288  %let syscc = 0;
16289  %macro main;
16290     filename temp catalog 'sashelp.emexpl.graphexplore_macros.source';
16291     %include temp;
16292     filename temp;
16293  
16294     %SetProperties;
16295  
16296     %if %upcase(&EM_ACTION) = CREATE %then %do;
16297  
16298         filename temp catalog 'sashelp.emexpl.graphexplore_create.source';
16299         %include temp;
16300         filename temp;
16301         %create;
16302     %end;
16303     %else
16304     %if %upcase(&EM_ACTION) = TRAIN %then %do;
16305  
16306         filename temp catalog 'sashelp.emexpl.graphexplore_train.source';
16307         %include temp;
16308         filename temp;
16309         %train;
16310  
16311     %end;
16312     %else
16313     %if %upcase(&EM_ACTION) = REPORT %then %do;
16314  
16315         filename temp catalog 'sashelp.emexpl.graphexplore_report.source';
16316         %include temp;
16317         filename temp;
16318  
16319         %report;
16320     %end;
16321  
16322  %mend main;
16323  
16324  %main;
NOTE: %INCLUDE (level 1) file TEMP is file SASHELP.EMEXPL.GRAPHEXPLORE_MACROS.SOURCE.
16325 +%macro SetProperties;
16326 +   %em_checkmacro(name=EM_PROPERTY_INTERVALBYTARGET,      global=Y, value=Y);
16327 +   %em_checkmacro(name=EM_PROPERTY_CLASSBYTARGET,         global=Y, value=Y);
16328 +   %em_checkmacro(name=EM_PROPERTY_DATASOURCE,            global=Y, value=SAMPLE);
16329 +   %em_checkmacro(name=EM_PROPERTY_EMSAMPLEMETHOD,        global=Y, value=FIRSTN);
16330 +   %em_checkmacro(name=EM_PROPERTY_EMSAMPLESIZE,          global=Y, value=DEFAULT);
16331 +   %em_checkmacro(name=EM_PROPERTY_EMRANDOMSEED,          global=Y, value=12345);
16332 +
16333 +%mend SetProperties;
NOTE: %INCLUDE (level 1) ending.
NOTE: Fileref TEMP has been deassigned.
NOTE: %INCLUDE (level 1) file TEMP is file SASHELP.EMEXPL.GRAPHEXPLORE_REPORT.SOURCE.
16334 +%macro report;
16335 +
16336 +   %let sourceKey = em_import_data;
16337 +    %if "&sourceKey" eq "" %then
16338 +        %let sourceKey = em_import_transaction;
16339 +    %if "&sourceKey" eq "" %then
16340 +        %let sourceKey = em_import_document;
16341 +    %if "&sourceKey" eq "" %then
16342 +        %let sourceKey = em_import_validate;
16343 +    %if "&sourceKey" eq "" %then
16344 +        %let sourceKey = em_import_test;
16345 +    %if "&sourceKey" eq "" %then
16346 +        %let sourceKey = em_import_score;
16347 +
16348 +   %if "&EM_PROPERTY_DATASOURCE" = "SAMPLE" %then
16349 +      %let sourceKey =SAMPLE_DATA;
16350 +
16351 +    %em_report(Key=&sourceKey, viewType=DATA, Block=Data, Description=Sample, Autodisplay=Y, localize=Y );
16352 +
16353 +   %if &EM_NUM_TARGET %then %do;
16354 +       %if &EM_NUM_INTERVAL_TARGET %then %do;
16355 +           %do i=1 %to &EM_NUM_INTERVAL_TARGET;
16356 +               %let targetName = %scan(%EM_INTERVAL_TARGET, &i);
16357 +               %if "&EM_PROPERTY_TARGET" = "Y" %then %do;
16358 +                   %em_report(Key=&sourceKey, viewType=HISTOGRAM, X=&targetName, freq=%EM_FREQ, block=Target, AutoDisplay=Y, Description=&targetName);
16359 +               %end;
16360 +
16361 +               %if "&EM_PROPERTY_GROUPBYTARGET" = "Y" and &EM_NUM_SEGMENT %then %do;
16362 +                   %do j=1 %to &EM_NUM_SEGMENT;
16363 +                       %let groupName = %scan(%em_segment, &j);
16364 +                       %em_report(Key=&sourceKey, viewType=BASEBOX, Y=&targetName, X=&groupname, freq=%EM_FREQ, Block=GroupPlots, Description=%nrbquote(&targetName x &groupName));
16365 +                   %end;
16366 +               %end;
16367 +           %end;
16368 +       %end;
16369 +
16370 +       %let numClassTarget = %eval(&EM_NUM_BINARY_TARGET + &EM_NUM_NOMINAL_TARGET + &EM_NUM_ORDINAL_TARGET );
16371 +       %if &numClassTarget %then %do;
16372 +           %do i=1 %to &numClassTarget;
16373 +               %let targetName = %scan(%EM_BINARY_TARGET %EM_NOMINAL_TARGET %EM_ORDINAL_TARGET, &i);
16374 +               %if "&EM_PROPERTY_TARGET" = "Y" %then %do;
16375 +                   %em_report(Key=&sourceKey, viewType=BAR, X=&targetName, freq=%EM_FREQ, block=Target, AutoDisplay=Y, Description=&targetName);
16376 +               %end;
16377 +
16378 +               %if "&EM_PROPERTY_GROUPBYTARGET" = "Y" and &EM_NUM_SEGMENT %then %do;
16379 +                   %do j=1 %to &EM_NUM_SEGMENT;
16380 +                       %let groupName = %scan(%em_segment, &j);
16381 +                       %em_report(Key=&sourceKey, viewType=BAR, X=&groupName, group=&targetname, freq=%EM_FREQ, Block=GroupPlots, Description=%nrbquote(&targetName x &groupName));
16382 +                   %end;
16383 +               %end;
16384 +
16385 +           %end;
16386 +       %end;
16387 +
16388 +   %end;
16389 +
16390 +%mend report;
NOTE: %INCLUDE (level 1) ending.
NOTE: Fileref TEMP has been deassigned.

NOTE: The data set WORK.EM_USER_REPORT has 132 observations and 4 variables.
NOTE: DATA statement used (Total process time):
      real time           0.01 seconds
      cpu time            0.02 seconds
      


NOTE: There were 132 observations read from the data set WORK.EM_USER_REPORT.
NOTE: The data set WORK.EM_USER_REPORT has 264 observations and 4 variables.
NOTE: DATA statement used (Total process time):
      real time           0.02 seconds
      cpu time            0.02 seconds
      

16391  *------------------------------------------------------------*;
16392  * End REPORT: GrfExpl;
16393  *------------------------------------------------------------*;
16394  

16395  /* Reset EM Options */
16396  options formchar="|----|+|---+=|-/\<>*";
16397  options nocenter ls=256 ps=10000;
16398  goptions reset=all device=GIF NODISPLAY;

16399  proc sort data=WORK.EM_USER_REPORT;
16400  by ID VIEW;
16401  run;

NOTE: There were 264 observations read from the data set WORK.EM_USER_REPORT.
NOTE: The data set WORK.EM_USER_REPORT has 264 observations and 4 variables.
NOTE: PROCEDURE SORT used (Total process time):
      real time           0.00 seconds
      cpu time            0.00 seconds
      

