 
                                                                                               
 
 
Fit Statistics

Target=attack_type Target Label=attack_type

   Fit
Statistics    Statistics Label                       Train         Test

 _DFT_        Total Degrees of Freedom           296696.00          .  
 _DFE_        Degrees of Freedom for Error       296476.00          .  
 _DFM_        Model Degrees of Freedom              220.00          .  
 _NW_         Number of Estimated Weights           220.00          .  
 _AIC_        Akaike's Information Criterion        860.43          .  
 _SBC_        Schwarz's Bayesian Criterion         3192.53          .  
 _ASE_        Average Squared Error                   0.00         0.00
 _MAX_        Maximum Absolute Error                  1.00         1.00
 _DIV_        Divisor for ASE                    593392.00    254314.00
 _NOBS_       Sum of Frequencies                 296696.00    127157.00
 _RASE_       Root Average Squared Error              0.01         0.01
 _SSE_        Sum of Squared Errors                  34.70        10.01
 _SUMW_       Sum of Case Weights Times Freq     593392.00    254314.00
 _FPE_        Final Prediction Error                  0.00          .  
 _MSE_        Mean Squared Error                      0.00         0.00
 _RFPE_       Root Final Prediction Error             0.01          .  
 _RMSE_       Root Mean Squared Error                 0.01         0.01
 _AVERR_      Average Error Function                  0.00         0.00
 _ERR_        Error Function                        420.43        78.20
 _MISC_       Misclassification Rate                  0.00         0.00
 _WRONG_      Number of Wrong Classifications        19.00         7.00
 
                                                                                               
 
 
Classification Table

Data Role=TRAIN Target Variable=attack_type Target Label=attack_type

                       Target        Outcome     Frequency       Total
Target    Outcome    Percentage    Percentage      Count      Percentage

 DOS       DOS         100.000        99.993       256909       86.5900 
 DOS       NORM          0.048         0.007           19        0.0064 
 NORM      NORM         99.952       100.000        39768       13.4036 
 
                                                                                               
 
 
Event Classification Table

Data Role=TRAIN Target=attack_type Target Label=attack_type

  False       True        False       True
Negative    Negative    Positive    Positive

    0        256909        19         39768 
 
                                                                                               
 
 
Assessment Score Rankings

Data Role=TRAIN Target Variable=attack_type Target Label=attack_type

                                                                                    Mean
                            Cumulative       %      Cumulative     Number of     Posterior
Depth      Gain     Lift       Lift      Response   % Response   Observations   Probability

   5    646.011   7.46011     7.46011     99.9924     99.9924        14835        1.00000  
  10    646.011   7.46011     7.46011     99.9924     99.9924        14835        1.00000  
  15    566.658   5.07952     6.66658     68.0839     89.3563        14835        0.68116  
  20    399.993   0.00000     4.99993      0.0000     67.0172        14835        0.00000  
  25    300.000   0.00000     4.00000      0.0000     53.6145        14834        0.00000  
  30    233.333   0.00000     3.33333      0.0000     44.6786        14835        0.00000  
  35    185.713   0.00000     2.85713      0.0000     38.2959        14835        0.00000  
  40    149.999   0.00000     2.49999      0.0000     33.5089        14835        0.00000  
  45    122.221   0.00000     2.22221      0.0000     29.7856        14835        0.00000  
  50    100.000   0.00000     2.00000      0.0000     26.8072        14834        0.00000  
  55     81.818   0.00000     1.81818      0.0000     24.3702        14835        0.00000  
  60     66.666   0.00000     1.66666      0.0000     22.3393        14835        0.00000  
  65     53.846   0.00000     1.53846      0.0000     20.6209        14835        0.00000  
  70     42.857   0.00000     1.42857      0.0000     19.1480        14835        0.00000  
  75     33.333   0.00000     1.33333      0.0000     17.8715        14834        0.00000  
  80     25.000   0.00000     1.25000      0.0000     16.7545        14835        0.00000  
  85     17.647   0.00000     1.17647      0.0000     15.7689        14835        0.00000  
  90     11.111   0.00000     1.11111      0.0000     14.8929        14835        0.00000  
  95      5.263   0.00000     1.05263      0.0000     14.1090        14835        0.00000  
 100      0.000   0.00000     1.00000      0.0000     13.4036        14834        0.00000  
 
                                                                                               
 
 
Assessment Score Distribution

Data Role=TRAIN Target Variable=attack_type Target Label=attack_type

 Posterior     Number                     Mean
Probability      of      Number of     Posterior
   Range       Events    Nonevents    Probability    Percentage

 0.95-1.00      39608          10       1.00000        13.3531 
 0.90-0.95        151           0       0.91803         0.0509 
 0.85-0.90          8           1       0.89545         0.0030 
 0.80-0.85          1           3       0.83997         0.0013 
 0.70-0.75          0           1       0.73428         0.0003 
 0.65-0.70          0           1       0.68825         0.0003 
 0.60-0.65          0           1       0.63873         0.0003 
 0.55-0.60          0           2       0.58665         0.0007 
 0.45-0.50          0           2       0.47945         0.0007 
 0.40-0.45          0           2       0.42678         0.0007 
 0.35-0.40          0           1       0.37625         0.0003 
 0.20-0.25          0           3       0.23353         0.0010 
 0.15-0.20          0           1       0.15155         0.0003 
 0.10-0.15          0           1       0.13228         0.0003 
 0.05-0.10          0           4       0.08211         0.0013 
 0.00-0.05          0      256895       0.00000        86.5853 
