*------------------------------------------------------------*
* Report Log
Date:                27 March 2017
Time:                22:39:48 o'clock
*------------------------------------------------------------*
11728  *------------------------------------------------------------*;
11729  * Smpl2: Computing statistics for class target variables;
11730  *------------------------------------------------------------*;
11731  ods listing close;
11732  ods output onewayfreqs=WORK.TEMPFREQ;
11733  proc freq data = EMWS1.Smpl2_DATA order=formatted addnames;
11734  table type / missing;
11735  run;

NOTE: The data set WORK.TEMPFREQ has 23 observations and 8 variables.
NOTE: There were 98819 observations read from the data set EMWS1.SMPL2_DATA.
NOTE: PROCEDURE FREQ used (Total process time):
      real time           0.02 seconds
      cpu time            0.03 seconds
      

11736  quit;
11737  ods listing;
11738  data WORK.Smpl2_BAR(keep=_VARIABLE_ TYPE COUNT PERCENT _X_ _XLABEL_);
11739  label _VARIABLE_ = "%sysfunc(sasmsg(sashelp.dmine, rpt_variable_vlabel, NOQUOTE))" Type = "%sysfunc(sasmsg(sashelp.dmine, rpt_type_vlabel,         NOQUOTE))" _X_ = "%sysfunc(sasmsg(sashelp.dmine, rpt_numValue_vlabel, NOQUOTE))" _XLABEL_ =
11740     "%sysfunc(sasmsg(sashelp.dmine, rpt_fmtValue_vlabel ,    NOQUOTE))" COUNT = "%sysfunc(sasmsg(sashelp.dmine, rpt_count_vlabel,        NOQUOTE))" PERCENT = "%sysfunc(sasmsg(sashelp.dmine, rpt_percent_vlabel,      NOQUOTE))";
11741  dsid = open("WORK.TEMPFREQ");
11742  varnum = varnum(dsid, 'VARIABLE');
11743  freqnum = varnum(dsid, 'FREQUENCY');
11744  pvarnum = varnum(dsid, 'PERCENT');
11745  typenum = varnum(dsid, '_TYPE_');
11746  length _VARIABLE_ $32 TYPE $1 _XLABEL_ $32;
11747  do while(^fetch(dsid));
11748  _VARIABLE_ = strip(getvarc(dsid, varnum));
11749  count = getvarn(dsid, freqnum);
11750  percent= getvarn(dsid, pvarnum);
11751  vvarnum = varnum(dsid, _VARIABLE_);
11752  type = vartype(dsid, vvarnum);
11753  fvarnum = varnum(dsid, 'F_'!!substr(_VARIABLE_, 1, 30));
11754  _XLABEL_ = left(getvarc(dsid, fvarnum));
11755  _X_ = .;
11756  if TYPE eq 'N' then _X_ = getvarn(dsid, vvarnum);
11757  output;
11758  end;
11759  dsid = close(dsid);
11760  run;

NOTE: The data set WORK.SMPL2_BAR has 23 observations and 6 variables.
NOTE: DATA statement used (Total process time):
      real time           0.00 seconds
      cpu time            0.00 seconds
      

11761  proc sort data=WORK.Smpl2_BAR NOTHREADS;
11762  by _VARIABLE_;
11763  run;

NOTE: There were 23 observations read from the data set WORK.SMPL2_BAR.
NOTE: The data set WORK.SMPL2_BAR has 23 observations and 6 variables.
NOTE: PROCEDURE SORT used (Total process time):
      real time           0.00 seconds
      cpu time            0.00 seconds
      

11764  proc sort data=WORK.M0HJGT1P;
11765  by Name;
11766  run;

NOTE: There were 1 observations read from the data set WORK.M0HJGT1P.
NOTE: The data set WORK.M0HJGT1P has 1 observations and 21 variables.
NOTE: PROCEDURE SORT used (Total process time):
      real time           0.00 seconds
      cpu time            0.00 seconds
      

11767  data WORK.Smpl2_BAR;
11768  merge WORK.Smpl2_BAR(in=_a) WORK.M0HJGT1P(keep=Name Label Role rename=(Name=_Variable_ Label=_Label_));
11769  by _Variable_;
11770  label Role = "%sysfunc(sasmsg(sashelp.dmine, meta_role_vlabel ,  NOQUOTE))";
11771  label Label = "%sysfunc(sasmsg(sashelp.dmine, meta_label_vlabel , NOQUOTE))";
11772  if _a then output;
11773  run;

NOTE: Variable Label is uninitialized.
WARNING: Multiple lengths were specified for the BY variable _VARIABLE_ by input data sets. This might cause unexpected results.
NOTE: There were 23 observations read from the data set WORK.SMPL2_BAR.
NOTE: There were 1 observations read from the data set WORK.M0HJGT1P.
NOTE: The data set WORK.SMPL2_BAR has 23 observations and 8 variables.
NOTE: DATA statement used (Total process time):
      real time           0.00 seconds
      cpu time            0.01 seconds
      

11774  data EMWS1.Smpl2_CLASS;
11775  length DATA $6;
11776  set WORK.Smpl2_BAR;
11777  DATA = 'SAMPLE';
11778  run;

NOTE: There were 23 observations read from the data set WORK.SMPL2_BAR.
NOTE: The data set EMWS1.SMPL2_CLASS has 23 observations and 9 variables.
NOTE: DATA statement used (Total process time):
      real time           0.00 seconds
      cpu time            0.00 seconds
      

11779  ods listing close;
11780  ods output onewayfreqs=WORK.TEMPFREQ;
11781  proc freq data = EMWS1.Part_TRAIN order=formatted addnames;
11782  table type / missing;
11783  run;

NOTE: The data set WORK.TEMPFREQ has 23 observations and 8 variables.
NOTE: There were 197605 observations read from the data set EMWS1.PART_TRAIN.
NOTE: PROCEDURE FREQ used (Total process time):
      real time           0.04 seconds
      cpu time            0.04 seconds
      

11784  quit;
11785  ods listing;
11786  data WORK.Smpl2_BAR(keep=_VARIABLE_ TYPE COUNT PERCENT _X_ _XLABEL_);
11787  label _VARIABLE_ = "%sysfunc(sasmsg(sashelp.dmine, rpt_variable_vlabel, NOQUOTE))" Type = "%sysfunc(sasmsg(sashelp.dmine, rpt_type_vlabel,         NOQUOTE))" _X_ = "%sysfunc(sasmsg(sashelp.dmine, rpt_numValue_vlabel, NOQUOTE))" _XLABEL_ =
11788     "%sysfunc(sasmsg(sashelp.dmine, rpt_fmtValue_vlabel ,    NOQUOTE))" COUNT = "%sysfunc(sasmsg(sashelp.dmine, rpt_count_vlabel,        NOQUOTE))" PERCENT = "%sysfunc(sasmsg(sashelp.dmine, rpt_percent_vlabel,      NOQUOTE))";
11789  dsid = open("WORK.TEMPFREQ");
11790  varnum = varnum(dsid, 'VARIABLE');
11791  freqnum = varnum(dsid, 'FREQUENCY');
11792  pvarnum = varnum(dsid, 'PERCENT');
11793  typenum = varnum(dsid, '_TYPE_');
11794  length _VARIABLE_ $32 TYPE $1 _XLABEL_ $32;
11795  do while(^fetch(dsid));
11796  _VARIABLE_ = strip(getvarc(dsid, varnum));
11797  count = getvarn(dsid, freqnum);
11798  percent= getvarn(dsid, pvarnum);
11799  vvarnum = varnum(dsid, _VARIABLE_);
11800  type = vartype(dsid, vvarnum);
11801  fvarnum = varnum(dsid, 'F_'!!substr(_VARIABLE_, 1, 30));
11802  _XLABEL_ = left(getvarc(dsid, fvarnum));
11803  _X_ = .;
11804  if TYPE eq 'N' then _X_ = getvarn(dsid, vvarnum);
11805  output;
11806  end;
11807  dsid = close(dsid);
11808  run;

NOTE: The data set WORK.SMPL2_BAR has 23 observations and 6 variables.
NOTE: DATA statement used (Total process time):
      real time           0.01 seconds
      cpu time            0.01 seconds
      

11809  proc sort data=WORK.Smpl2_BAR NOTHREADS;
11810  by _VARIABLE_;
11811  run;

NOTE: There were 23 observations read from the data set WORK.SMPL2_BAR.
NOTE: The data set WORK.SMPL2_BAR has 23 observations and 6 variables.
NOTE: PROCEDURE SORT used (Total process time):
      real time           0.00 seconds
      cpu time            0.00 seconds
      

11812  proc sort data=WORK.M0HJGT1P;
11813  by Name;
11814  run;

NOTE: Input data set is already sorted, no sorting done.
NOTE: PROCEDURE SORT used (Total process time):
      real time           0.00 seconds
      cpu time            0.00 seconds
      

11815  data WORK.Smpl2_BAR;
11816  merge WORK.Smpl2_BAR(in=_a) WORK.M0HJGT1P(keep=Name Label Role rename=(Name=_Variable_ Label=_Label_));
11817  by _Variable_;
11818  label Role = "%sysfunc(sasmsg(sashelp.dmine, meta_role_vlabel ,  NOQUOTE))";
11819  label Label = "%sysfunc(sasmsg(sashelp.dmine, meta_label_vlabel , NOQUOTE))";
11820  if _a then output;
11821  run;

NOTE: Variable Label is uninitialized.
WARNING: Multiple lengths were specified for the BY variable _VARIABLE_ by input data sets. This might cause unexpected results.
NOTE: There were 23 observations read from the data set WORK.SMPL2_BAR.
NOTE: There were 1 observations read from the data set WORK.M0HJGT1P.
NOTE: The data set WORK.SMPL2_BAR has 23 observations and 8 variables.
NOTE: DATA statement used (Total process time):
      real time           0.00 seconds
      cpu time            0.01 seconds
      

11822  data WORK.Smpl2_BAR;
11823  length DATA $6;
11824  set WORK.Smpl2_BAR;
11825  DATA = 'DATA';
11826  run;

NOTE: There were 23 observations read from the data set WORK.SMPL2_BAR.
NOTE: The data set WORK.SMPL2_BAR has 23 observations and 9 variables.
NOTE: DATA statement used (Total process time):
      real time           0.00 seconds
      cpu time            0.00 seconds
      

11827  data EMWS1.Smpl2_CLASS;
11828  set EMWS1.Smpl2_CLASS WORK.Smpl2_BAR;
11829  run;

NOTE: There were 23 observations read from the data set EMWS1.SMPL2_CLASS.
NOTE: There were 23 observations read from the data set WORK.SMPL2_BAR.
NOTE: The data set EMWS1.SMPL2_CLASS has 46 observations and 9 variables.
NOTE: DATA statement used (Total process time):
      real time           0.00 seconds
      cpu time            0.00 seconds
      

11830  data EMWS1.Smpl2_CLASS(rename=(_VARIABLE_=VARIABLE _X_=VALUE _XLABEL_=FORMATTEDVALUE));
11831  label Data = "%sysfunc(sasmsg(sashelp.dmine, rpt_data_vlabel ,     NOQUOTE))";
11832  label _VARIABLE_ = "%sysfunc(sasmsg(sashelp.dmine, rpt_variable_vlabel , NOQUOTE))";
11833  label _X_ = "%sysfunc(sasmsg(sashelp.dmine, rpt_numValue_vlabel , NOQUOTE))";
11834  label _XLABEL_ = "%sysfunc(sasmsg(sashelp.dmine, rpt_fmtValue_vlabel , NOQUOTE))";
11835  set EMWS1.Smpl2_CLASS;
11836  drop type role;
11837  run;

NOTE: There were 46 observations read from the data set EMWS1.SMPL2_CLASS.
NOTE: The data set EMWS1.SMPL2_CLASS has 46 observations and 7 variables.
NOTE: DATA statement used (Total process time):
      real time           0.00 seconds
      cpu time            0.00 seconds
      

11838  proc sort data=EMWS1.Smpl2_CLASS NOTHREADS;
11839  by DATA;
11840  run;

NOTE: There were 46 observations read from the data set EMWS1.SMPL2_CLASS.
NOTE: The data set EMWS1.SMPL2_CLASS has 46 observations and 7 variables.
NOTE: PROCEDURE SORT used (Total process time):
      real time           0.00 seconds
      cpu time            0.01 seconds
      

11841  %let _cn = %sysfunc(getoption(CENTER));
11842  %let _nb = %sysfunc(getoption(NUMBER));
11843  options nonumber nocenter;
11844  title;
11845  proc print data=EMWS1.Smpl2_CLASS(obs=500) noobs label;
11846  by DATA;
11847  title9 "%sysfunc(sasmsg(sashelp.dmine, rpt_classTargetStats_title, NOQUOTE))";
11848  title10 "%sysfunc(sasmsg(sashelp.dmine, rpt_maxObsPrinted_title, NOQUOTE, 500))";
11849  run;

NOTE: There were 46 observations read from the data set EMWS1.SMPL2_CLASS.
NOTE: The PROCEDURE PRINT printed page 3.
NOTE: PROCEDURE PRINT used (Total process time):
      real time           0.00 seconds
      cpu time            0.00 seconds
      

11850  title9;
11851  title10;
11852  options &_cn &_nb;

